<?xml version="1.0" encoding="UTF-8"?>
<!-- Generated by org.testng.reporters.JUnitXMLReporter -->
<testsuite ignored="0" hostname="BASEL-PC" failures="0" tests="3" name="Default test" time="7.277" errors="0" timestamp="2023-01-19T12:39:54 EET">
  <testcase classname="Customer.login" name="LoginAsCustomer" time="1.62"/>
  <testcase classname="Customer.login" name="AddingAmount" time="3.487"/>
  <testcase classname="Customer.login" name="Withdraw_invalid_amount" time="0.124"/>
</testsuite> <!-- Default test -->
